2022-12-30 17:33:05,951  INFO [main] Guru99MavenProject:35 - Browser is opened
2022-12-30 17:33:06,079  INFO [main] Guru99MavenProject:38 - window is maximized
2022-12-30 17:33:24,140  INFO [main] Guru99MavenProject:41 - URL is opened
2022-12-30 17:33:24,230  INFO [main] Guru99MavenProject:51 - username is entered
2022-12-30 17:33:24,292  INFO [main] Guru99MavenProject:54 - password is entered
2022-12-30 17:33:26,299  INFO [main] Guru99MavenProject:57 - clicked on the login button
2022-12-30 17:33:26,587  INFO [main] Guru99MavenProject:69 - quit form the current browser tab
2022-12-30 17:51:14,765  INFO [main] Guru99MavenProject:35 - Browser is opened
2022-12-30 17:51:14,904  INFO [main] Guru99MavenProject:38 - window is maximized
2022-12-30 17:51:18,142  INFO [main] Guru99MavenProject:41 - URL is opened
2022-12-30 17:51:18,232  INFO [main] Guru99MavenProject:51 - username is entered
2022-12-30 17:51:18,352  INFO [main] Guru99MavenProject:54 - password is entered
2022-12-30 17:51:20,548  INFO [main] Guru99MavenProject:57 - clicked on the login button
2022-12-30 17:51:20,866  INFO [main] Guru99MavenProject:69 - quit form the current browser tab
2022-12-30 18:05:50,158  INFO [main] Guru99MavenProject:35 - Browser is opened
2022-12-30 18:05:50,304  INFO [main] Guru99MavenProject:38 - window is maximized
2022-12-30 18:05:54,565  INFO [main] Guru99MavenProject:41 - URL is opened
2022-12-30 18:05:54,716  INFO [main] Guru99MavenProject:51 - username is entered
2022-12-30 18:05:54,814  INFO [main] Guru99MavenProject:54 - password is entered
2022-12-30 18:05:57,119  INFO [main] Guru99MavenProject:57 - clicked on the login button
2022-12-30 18:05:57,426  INFO [main] Guru99MavenProject:69 - quit form the current browser tab
2022-12-30 18:08:04,529  INFO [main] Guru99MavenProject:35 - Browser is opened
2022-12-30 18:08:04,851  INFO [main] Guru99MavenProject:38 - window is maximized
2022-12-30 18:08:08,736  INFO [main] Guru99MavenProject:41 - URL is opened
2022-12-30 18:08:08,937  INFO [main] Guru99MavenProject:51 - username is entered
2022-12-30 18:08:09,040  INFO [main] Guru99MavenProject:54 - password is entered
2022-12-30 18:08:11,450  INFO [main] Guru99MavenProject:57 - clicked on the login button
2022-12-30 18:08:11,720  INFO [main] Guru99MavenProject:69 - quit form the current browser tab
2022-12-30 18:22:08,990  INFO [main] Guru99MavenProject:35 - Browser is opened
2022-12-30 18:22:09,157  INFO [main] Guru99MavenProject:38 - window is maximized
2022-12-30 18:22:12,347  INFO [main] Guru99MavenProject:41 - URL is opened
2022-12-30 18:22:12,542  INFO [main] Guru99MavenProject:51 - username is entered
2022-12-30 18:22:12,646  INFO [main] Guru99MavenProject:54 - password is entered
2022-12-30 18:22:15,067  INFO [main] Guru99MavenProject:57 - clicked on the login button
2022-12-30 18:22:15,343  INFO [main] Guru99MavenProject:69 - quit form the current browser tab
2022-12-30 18:29:11,569  INFO [main] Guru99MavenProject:35 - Browser is opened
2022-12-30 18:29:11,721  INFO [main] Guru99MavenProject:38 - window is maximized
2022-12-30 18:29:14,603  INFO [main] Guru99MavenProject:41 - URL is opened
2022-12-30 18:29:14,779  INFO [main] Guru99MavenProject:51 - username is entered
2022-12-30 18:29:14,899  INFO [main] Guru99MavenProject:54 - password is entered
2022-12-30 18:29:16,602  INFO [main] Guru99MavenProject:57 - clicked on the login button
2022-12-30 18:29:17,344  INFO [main] Guru99MavenProject:69 - quit form the current browser tab
